# This is the CMakeCache file.
# For build in directory: /home/aaron/Development/Launch/Backplane-Flight-Computer/app/boards
# It was generated by CMake: /usr/bin/cmake
# You can edit this file to change values found and used by cmake.
# If you do not want to change any of the values, simply exit the editor.
# If you do want to change a value, simply edit, save, and exit the editor.
# The syntax for the file is as follows:
# KEY:TYPE=VALUE
# KEY is the name of a variable in the cache.
# TYPE is a hint to GUIs for the type of VALUE, DO NOT EDIT TYPE!.
# VALUE is the current value for the KEY.

########################
# EXTERNAL cache entries
########################

//Application Binary Directory
APPLICATION_BINARY_DIR:PATH=/home/aaron/Development/Launch/Backplane-Flight-Computer/app/boards

//Application Source Directory
APPLICATION_SOURCE_DIR:PATH=/home/aaron/Development/Launch/Backplane-Flight-Computer/app

//Selected board
BOARD:STRING=grim_reefer

//Path to a file.
BOARD_DIR:PATH=BOARD_DIR-NOTFOUND

//Path to a program.
CCACHE_FOUND:FILEPATH=/bin/ccache

//Value Computed by CMake.
CMAKE_FIND_PACKAGE_REDIRECTS_DIR:STATIC=/home/aaron/Development/Launch/Backplane-Flight-Computer/app/boards/CMakeFiles/pkgRedirects

//No help, variable specified on the command line.
DTC_OVERLAY_FILE:UNINITIALIZED=~/Development/Launch/Backplane-Flight-Computer/app/boards/sensor_module.overlay

//No help, variable specified on the command line.
WEST_PYTHON:UNINITIALIZED=/usr/bin/python3

//Zephyr base
ZEPHYR_BASE:PATH=/home/aaron/Development/Launch/Backplane-Flight-Computer/zephyr

//The directory containing a CMake configuration file for ZephyrAppConfiguration.
ZephyrAppConfiguration_DIR:PATH=ZephyrAppConfiguration_DIR-NOTFOUND

//The directory containing a CMake configuration file for ZephyrBuildConfiguration.
ZephyrBuildConfiguration_DIR:PATH=ZephyrBuildConfiguration_DIR-NOTFOUND

//The directory containing a CMake configuration file for Zephyr.
Zephyr_DIR:PATH=/home/aaron/Development/Launch/Backplane-Flight-Computer/zephyr/share/zephyr-package/cmake


########################
# INTERNAL cache entries
########################

//This is the directory where this CMakeCache.txt was created
CMAKE_CACHEFILE_DIR:INTERNAL=/home/aaron/Development/Launch/Backplane-Flight-Computer/app/boards
//Major version of cmake used to create the current loaded cache
CMAKE_CACHE_MAJOR_VERSION:INTERNAL=3
//Minor version of cmake used to create the current loaded cache
CMAKE_CACHE_MINOR_VERSION:INTERNAL=27
//Patch version of cmake used to create the current loaded cache
CMAKE_CACHE_PATCH_VERSION:INTERNAL=4
//Path to CMake executable.
CMAKE_COMMAND:INTERNAL=/usr/bin/cmake
//Path to cpack program executable.
CMAKE_CPACK_COMMAND:INTERNAL=/usr/bin/cpack
//Path to ctest program executable.
CMAKE_CTEST_COMMAND:INTERNAL=/usr/bin/ctest
//Name of external makefile project generator.
CMAKE_EXTRA_GENERATOR:INTERNAL=
//Name of generator.
CMAKE_GENERATOR:INTERNAL=Ninja
//Generator instance identifier.
CMAKE_GENERATOR_INSTANCE:INTERNAL=
//Name of generator platform.
CMAKE_GENERATOR_PLATFORM:INTERNAL=
//Name of generator toolset.
CMAKE_GENERATOR_TOOLSET:INTERNAL=
//Source directory with the top level CMakeLists.txt file for this
// project
CMAKE_HOME_DIRECTORY:INTERNAL=/home/aaron/Development/Launch/Backplane-Flight-Computer/app
//number of local generators
CMAKE_NUMBER_OF_MAKEFILES:INTERNAL=1
//Path to CMake installation.
CMAKE_ROOT:INTERNAL=/usr/share/cmake-3.27
//Details about finding Python3
FIND_PACKAGE_MESSAGE_DETAILS_Python3:INTERNAL=[/usr/bin/python3][cfound components: Interpreter ][v3.10.12(3.8)]
//West
WEST:INTERNAL=/usr/bin/python3;-m;west
//Compiler reason failure
_Python3_Compiler_REASON_FAILURE:INTERNAL=
//Development reason failure
_Python3_Development_REASON_FAILURE:INTERNAL=
_Python3_EXECUTABLE:INTERNAL=/usr/bin/python3
//Python3 Properties
_Python3_INTERPRETER_PROPERTIES:INTERNAL=Python;3;10;12;64;;cpython-310-x86_64-linux-gnu.so;abi3;/usr/lib/python3.10;/usr/lib/python3.10;/usr/local/lib/python3.10/dist-packages;/usr/local/lib/python3.10/dist-packages
_Python3_INTERPRETER_SIGNATURE:INTERNAL=bb1f7d862e7cc7765c27ce56f43851f0
//NumPy reason failure
_Python3_NumPy_REASON_FAILURE:INTERNAL=


